TN:
SF:src\Data\database.ts
FN:15,Database
FN:33,getInstance
FN:40,initialize
FN:50,getDataSource
FN:54,getRepository
FNF:5
FNH:0
FNDA:0,Database
FNDA:0,getInstance
FNDA:0,initialize
FNDA:0,getDataSource
FNDA:0,getRepository
DA:1,1
DA:2,1
DA:3,1
DA:4,1
DA:5,1
DA:6,1
DA:7,1
DA:8,1
DA:9,1
DA:10,1
DA:11,1
DA:12,1
DA:13,1
DA:14,1
DA:15,1
DA:16,0
DA:17,0
DA:18,0
DA:19,0
DA:20,0
DA:21,0
DA:22,0
DA:23,0
DA:24,0
DA:25,0
DA:26,0
DA:27,0
DA:28,0
DA:29,0
DA:30,0
DA:31,0
DA:32,1
DA:33,1
DA:34,0
DA:35,0
DA:36,0
DA:37,0
DA:38,1
DA:39,1
DA:40,1
DA:41,0
DA:42,0
DA:43,0
DA:44,0
DA:45,0
DA:46,0
DA:47,0
DA:48,0
DA:49,1
DA:50,1
DA:51,0
DA:52,1
DA:53,1
DA:54,1
DA:55,0
DA:56,0
DA:57,1
LF:57
LH:26
BRF:0
BRH:0
end_of_record
TN:
SF:src\Data\models\answer-detail.entity.ts
FN:13,Object.<anonymous>.__decorate.nullable
FN:13,Object.<anonymous>.__decorate.nullable
FN:22,Object.<anonymous>.__decorate.nullable
FNF:3
FNH:0
FNDA:0,Object.<anonymous>.__decorate.nullable
FNDA:0,Object.<anonymous>.__decorate.nullable
FNDA:0,Object.<anonymous>.__decorate.nullable
DA:1,1
DA:2,1
DA:3,1
DA:4,1
DA:5,1
DA:6,1
DA:7,1
DA:8,1
DA:9,1
DA:10,1
DA:11,1
DA:12,1
DA:13,1
DA:14,1
DA:15,1
DA:16,1
DA:17,1
DA:18,1
DA:19,1
DA:20,1
DA:21,1
DA:22,1
DA:23,1
DA:24,1
DA:25,1
DA:26,1
DA:27,1
DA:28,1
DA:29,1
LF:29
LH:29
BRF:0
BRH:0
end_of_record
TN:
SF:src\Data\models\answer.entity.ts
FN:17,Object.<anonymous>.__decorate.nullable
FN:21,default
FNF:2
FNH:0
FNDA:0,Object.<anonymous>.__decorate.nullable
FNDA:0,default
DA:1,1
DA:2,1
DA:3,1
DA:4,1
DA:5,1
DA:6,1
DA:7,1
DA:8,1
DA:9,1
DA:10,1
DA:11,1
DA:12,1
DA:13,1
DA:14,1
DA:15,1
DA:16,1
DA:17,1
DA:18,1
DA:19,1
DA:20,1
DA:21,1
DA:22,1
DA:23,1
DA:24,1
DA:25,1
DA:26,1
LF:26
LH:26
BRF:0
BRH:0
end_of_record
TN:
SF:src\Data\models\question.entity.ts
FN:10,Object.<anonymous>.__decorate.name
FN:23,Object.<anonymous>.__decorate.cascade
FN:23,Object.<anonymous>.__decorate.cascade
FNF:3
FNH:0
FNDA:0,Object.<anonymous>.__decorate.name
FNDA:0,Object.<anonymous>.__decorate.cascade
FNDA:0,Object.<anonymous>.__decorate.cascade
DA:1,1
DA:2,1
DA:3,1
DA:4,1
DA:5,1
DA:6,1
DA:7,1
DA:8,1
DA:9,1
DA:10,1
DA:11,1
DA:12,1
DA:13,1
DA:14,1
DA:15,1
DA:16,1
DA:17,1
DA:18,1
DA:19,1
DA:20,1
DA:21,1
DA:22,1
DA:23,1
DA:24,1
DA:25,1
LF:25
LH:25
BRF:0
BRH:0
end_of_record
TN:
SF:src\Data\models\questions_options.entity.ts
FN:10,Object.<anonymous>.__decorate.name
FNF:1
FNH:0
FNDA:0,Object.<anonymous>.__decorate.name
DA:1,1
DA:2,1
DA:3,1
DA:4,1
DA:5,1
DA:6,1
DA:7,1
DA:8,1
DA:9,1
DA:10,1
DA:11,1
DA:12,1
DA:13,1
DA:14,1
DA:15,1
DA:16,1
LF:16
LH:16
BRF:0
BRH:0
end_of_record
TN:
SF:src\Data\models\survey.entity.ts
FN:19,default
FN:22,default
FN:25,Object.<anonymous>.__decorate.cascade
FN:25,Object.<anonymous>.__decorate.cascade
FNF:4
FNH:0
FNDA:0,default
FNDA:0,default
FNDA:0,Object.<anonymous>.__decorate.cascade
FNDA:0,Object.<anonymous>.__decorate.cascade
DA:1,1
DA:2,1
DA:3,1
DA:4,1
DA:5,1
DA:6,1
DA:7,1
DA:8,1
DA:9,1
DA:10,1
DA:11,1
DA:12,1
DA:13,1
DA:14,1
DA:15,1
DA:16,1
DA:17,1
DA:18,1
DA:19,1
DA:20,1
DA:21,1
DA:22,1
DA:23,1
DA:24,1
DA:25,1
DA:26,1
DA:27,1
LF:27
LH:27
BRF:0
BRH:0
end_of_record
TN:
SF:src\Data\models\user.entity.ts
FNF:0
FNH:0
DA:1,1
DA:2,1
DA:3,1
DA:4,1
DA:5,1
DA:6,1
DA:7,1
DA:8,1
DA:9,1
DA:10,1
DA:11,1
DA:12,1
DA:13,1
DA:14,1
DA:15,1
DA:16,1
LF:16
LH:16
BRF:0
BRH:0
end_of_record
TN:
SF:src\config\env.ts
FNF:0
FNH:0
DA:1,1
DA:2,1
DA:3,1
DA:4,1
DA:5,1
DA:6,1
DA:7,1
DA:8,1
DA:9,1
DA:10,1
DA:11,1
DA:12,1
DA:13,1
LF:13
LH:13
BRF:0
BRH:0
end_of_record
TN:
SF:src\service\user.service.ts
FN:9,UserService
FN:11,createUser
FN:25,generateToken
FN:31,getUserById
FN:35,login
FNF:5
FNH:4
FNDA:3,UserService
FNDA:1,createUser
FNDA:1,generateToken
FNDA:2,getUserById
FNDA:0,login
DA:1,1
DA:2,1
DA:3,1
DA:4,1
DA:5,1
DA:6,1
DA:7,1
DA:8,1
DA:9,3
DA:10,3
DA:11,3
DA:12,1
DA:13,1
DA:14,1
DA:15,1
DA:16,1
DA:17,1
DA:18,1
DA:19,1
DA:20,1
DA:21,1
DA:22,1
DA:23,3
DA:24,3
DA:25,3
DA:26,1
DA:27,1
DA:28,1
DA:29,3
DA:30,3
DA:31,3
DA:32,2
DA:33,2
DA:34,3
DA:35,3
DA:36,0
DA:37,0
DA:38,0
DA:39,0
DA:40,0
DA:41,0
DA:42,0
DA:43,0
DA:44,0
DA:45,0
DA:46,3
LF:46
LH:36
BRDA:9,0,0,3
BRDA:11,1,0,1
BRDA:25,2,0,1
BRDA:31,3,0,2
BRF:4
BRH:4
end_of_record
TN:
SF:src\utils\hash-password.util.ts
FN:5,hashPassword
FN:10,comparePassword
FNF:2
FNH:0
FNDA:0,hashPassword
FNDA:0,comparePassword
DA:1,1
DA:2,1
DA:3,1
DA:4,1
DA:5,1
DA:6,0
DA:7,0
DA:8,0
DA:9,1
DA:10,1
DA:11,0
DA:12,0
DA:13,1
LF:13
LH:8
BRF:0
BRH:0
end_of_record
